新增功能
 
1. 使用coffeescript重写整个框架，代码翻新以后，大幅度提高可维护性，为后续的开发节省成本
 
2. 拆分TreeView，DataGrid以及UiLayout
 
DataGrid以及TreeView的引用方式保持不变
 
UiLayout的引用方式变更为：
 
<!-- 引入CSS -->
<link href=“http://ebaui.org/release/1.0.1/css/ebaui.uilayout.min.css" rel="stylesheet" type="text/css" />
<!-- 引入Javascript -->
<script src="http://ebaui.org/release/1.0.1/ebaui.uilayout.min.js" type="text/javascript" ></script>
 
 
3. 完善DataGrid默认配置
 
JqGrid默认配置
 
    datatype    : 'clientSide'
    mtype       : 'POST'
    rownumbers  : true
    rowList     : [5, 10,20,30]
    viewrecords : true
    multiselect : true
    multiboxonly: true
    loadComplete: (xhr) ->
    loadError   : (xhr,status,error) -> alert("数据加载失败[#{status}]#{error}")
 
新增配置项pager，格式如下
 
    enabled : true
    controls:[ { role: 'Button',options:{ id:'',name:'',value:'' } } ]
 
DataGrid使用示例
 
<table id="list4" data-role="datagrid" data-options="{ 
 
    jqgrid:{
        data : mydata,
        datatype: 'clientSide',
        height: 250,
        colModel:[
            {name:'id',     index:'id',         width:60,   sorttype:'int',         label : 'Inv No'},
            {name:'invdate',index:'invdate',    width:90,   sorttype:'date',        label : 'Inv No'},
            {name:'name',   index:'name',       width:100,  label: 'Editable Cell', editable:true},
            {name:'amount', index:'amount',     width:80,   align:'right',          sorttype:'float',   label : 'Inv No'},
            {name:'tax',    index:'tax',        width:80,   align:'right',          sorttype:'float',   label : 'Inv No'},
            {name:'total',  index:'total',      width:80,   align:'right',          sorttype:'float',   label : 'Inv No'},
            {name:'note',   index:'note',       width:150,  sortable:false,         label : 'Inv No'}
        ],
        rowNum:10,
        rowList:[10,20,30],
        viewrecords: true,
        multiselect: true,
        forceFit : true,
        cellEdit: true,
        caption: 'MutiSelect&Editable Grid Data'
    },
 
    pager: {
        enable : true,
        navGrid:true,
        controls:[ { role: 'CheckBox',options:{text:'test',position:''} } ]
    }
 
}" ></table>
 
<script type="text/javascript">
 
4. Tabs新增load事件
 
<input id="tab1" data-role="tabs" title="tabs" 
  data-options="{
 
    home : { 
      url:'http://www.baidu.com',
      title:'baidu',
      closable:false,
      onload:ontabload 
    }
 
}" />
 
5. ebaui.win性能优化
6. 移除placeHolder默认placeholder
7. Tabs：在closable=true的情况下，鼠标移上去才需要显示关闭右上角的按钮
8. 通过代码赋值时，不触发控件的onchange事件
 
Bug Fixed
 
1. Label如果hasBorder为true时，指定的宽度无效
2. combolist提交数据，多选的话，只提交第一个，后面的丢失
3. ebaui.win里，使用mask的时候，mask没有居中
4. 指定label文字颜色会影响文本textalign
5. combobox设置value时没有自动选中
6. combobox在 readonly 的情况下，按 小键盘 的向下方向键，还是会弹出下拉菜单